<?xml version="1.0" encoding="UTF-8"?>
<testsuite xmlns:xsi="http://www.w3.org/2001/XMLSchema-instance" xsi:noNamespaceSchemaLocation="https://maven.apache.org/surefire/maven-surefire-plugin/xsd/surefire-test-report-3.0.xsd" version="3.0" name="com.dianxing.DemoApplicationTests" time="3.516" tests="1" errors="0" skipped="0" failures="0">
  <properties>
    <property name="sun.desktop" value="windows"/>
    <property name="awt.toolkit" value="sun.awt.windows.WToolkit"/>
    <property name="file.encoding.pkg" value="sun.io"/>
    <property name="java.specification.version" value="1.8"/>
    <property name="sun.cpu.isalist" value="amd64"/>
    <property name="sun.jnu.encoding" value="GBK"/>
    <property name="java.class.path" value="C:\Users\jym\Documents\demo\target\test-classes;C:\Users\jym\Documents\demo\target\classes;C:\Users\jym\Downloads\apache-maven-3.9.10\repo\org\springframework\boot\spring-boot-starter-web\2.6.13\spring-boot-starter-web-2.6.13.jar;C:\Users\jym\Downloads\apache-maven-3.9.10\repo\org\springframework\boot\spring-boot-starter\2.6.13\spring-boot-starter-2.6.13.jar;C:\Users\jym\Downloads\apache-maven-3.9.10\repo\org\springframework\boot\spring-boot\2.6.13\spring-boot-2.6.13.jar;C:\Users\jym\Downloads\apache-maven-3.9.10\repo\org\springframework\boot\spring-boot-autoconfigure\2.6.13\spring-boot-autoconfigure-2.6.13.jar;C:\Users\jym\Downloads\apache-maven-3.9.10\repo\org\springframework\boot\spring-boot-starter-logging\2.6.13\spring-boot-starter-logging-2.6.13.jar;C:\Users\jym\Downloads\apache-maven-3.9.10\repo\ch\qos\logback\logback-classic\1.2.11\logback-classic-1.2.11.jar;C:\Users\jym\Downloads\apache-maven-3.9.10\repo\ch\qos\logback\logback-core\1.2.11\logback-core-1.2.11.jar;C:\Users\jym\Downloads\apache-maven-3.9.10\repo\org\apache\logging\log4j\log4j-to-slf4j\2.17.2\log4j-to-slf4j-2.17.2.jar;C:\Users\jym\Downloads\apache-maven-3.9.10\repo\org\apache\logging\log4j\log4j-api\2.17.2\log4j-api-2.17.2.jar;C:\Users\jym\Downloads\apache-maven-3.9.10\repo\org\slf4j\jul-to-slf4j\1.7.36\jul-to-slf4j-1.7.36.jar;C:\Users\jym\Downloads\apache-maven-3.9.10\repo\jakarta\annotation\jakarta.annotation-api\1.3.5\jakarta.annotation-api-1.3.5.jar;C:\Users\jym\Downloads\apache-maven-3.9.10\repo\org\yaml\snakeyaml\1.29\snakeyaml-1.29.jar;C:\Users\jym\Downloads\apache-maven-3.9.10\repo\org\springframework\boot\spring-boot-starter-json\2.6.13\spring-boot-starter-json-2.6.13.jar;C:\Users\jym\Downloads\apache-maven-3.9.10\repo\com\fasterxml\jackson\core\jackson-databind\2.13.4.2\jackson-databind-2.13.4.2.jar;C:\Users\jym\Downloads\apache-maven-3.9.10\repo\com\fasterxml\jackson\core\jackson-annotations\2.13.4\jackson-annotations-2.13.4.jar;C:\Users\jym\Downloads\apache-maven-3.9.10\repo\com\fasterxml\jackson\datatype\jackson-datatype-jdk8\2.13.4\jackson-datatype-jdk8-2.13.4.jar;C:\Users\jym\Downloads\apache-maven-3.9.10\repo\com\fasterxml\jackson\datatype\jackson-datatype-jsr310\2.13.4\jackson-datatype-jsr310-2.13.4.jar;C:\Users\jym\Downloads\apache-maven-3.9.10\repo\com\fasterxml\jackson\module\jackson-module-parameter-names\2.13.4\jackson-module-parameter-names-2.13.4.jar;C:\Users\jym\Downloads\apache-maven-3.9.10\repo\org\springframework\boot\spring-boot-starter-tomcat\2.6.13\spring-boot-starter-tomcat-2.6.13.jar;C:\Users\jym\Downloads\apache-maven-3.9.10\repo\org\apache\tomcat\embed\tomcat-embed-core\9.0.68\tomcat-embed-core-9.0.68.jar;C:\Users\jym\Downloads\apache-maven-3.9.10\repo\org\apache\tomcat\embed\tomcat-embed-el\9.0.68\tomcat-embed-el-9.0.68.jar;C:\Users\jym\Downloads\apache-maven-3.9.10\repo\org\apache\tomcat\embed\tomcat-embed-websocket\9.0.68\tomcat-embed-websocket-9.0.68.jar;C:\Users\jym\Downloads\apache-maven-3.9.10\repo\org\springframework\spring-web\5.3.23\spring-web-5.3.23.jar;C:\Users\jym\Downloads\apache-maven-3.9.10\repo\org\springframework\spring-beans\5.3.23\spring-beans-5.3.23.jar;C:\Users\jym\Downloads\apache-maven-3.9.10\repo\org\springframework\spring-webmvc\5.3.23\spring-webmvc-5.3.23.jar;C:\Users\jym\Downloads\apache-maven-3.9.10\repo\org\springframework\spring-aop\5.3.23\spring-aop-5.3.23.jar;C:\Users\jym\Downloads\apache-maven-3.9.10\repo\org\springframework\spring-context\5.3.23\spring-context-5.3.23.jar;C:\Users\jym\Downloads\apache-maven-3.9.10\repo\org\springframework\spring-expression\5.3.23\spring-expression-5.3.23.jar;C:\Users\jym\Downloads\apache-maven-3.9.10\repo\org\springdoc\springdoc-openapi-ui\1.6.14\springdoc-openapi-ui-1.6.14.jar;C:\Users\jym\Downloads\apache-maven-3.9.10\repo\org\springdoc\springdoc-openapi-webmvc-core\1.6.14\springdoc-openapi-webmvc-core-1.6.14.jar;C:\Users\jym\Downloads\apache-maven-3.9.10\repo\org\springdoc\springdoc-openapi-common\1.6.14\springdoc-openapi-common-1.6.14.jar;C:\Users\jym\Downloads\apache-maven-3.9.10\repo\io\swagger\core\v3\swagger-core\2.2.7\swagger-core-2.2.7.jar;C:\Users\jym\Downloads\apache-maven-3.9.10\repo\org\apache\commons\commons-lang3\3.12.0\commons-lang3-3.12.0.jar;C:\Users\jym\Downloads\apache-maven-3.9.10\repo\com\fasterxml\jackson\dataformat\jackson-dataformat-yaml\2.13.4\jackson-dataformat-yaml-2.13.4.jar;C:\Users\jym\Downloads\apache-maven-3.9.10\repo\io\swagger\core\v3\swagger-annotations\2.2.7\swagger-annotations-2.2.7.jar;C:\Users\jym\Downloads\apache-maven-3.9.10\repo\io\swagger\core\v3\swagger-models\2.2.7\swagger-models-2.2.7.jar;C:\Users\jym\Downloads\apache-maven-3.9.10\repo\jakarta\validation\jakarta.validation-api\2.0.2\jakarta.validation-api-2.0.2.jar;C:\Users\jym\Downloads\apache-maven-3.9.10\repo\org\webjars\swagger-ui\4.15.5\swagger-ui-4.15.5.jar;C:\Users\jym\Downloads\apache-maven-3.9.10\repo\org\webjars\webjars-locator-core\0.48\webjars-locator-core-0.48.jar;C:\Users\jym\Downloads\apache-maven-3.9.10\repo\org\slf4j\slf4j-api\1.7.36\slf4j-api-1.7.36.jar;C:\Users\jym\Downloads\apache-maven-3.9.10\repo\com\fasterxml\jackson\core\jackson-core\2.13.4\jackson-core-2.13.4.jar;C:\Users\jym\Downloads\apache-maven-3.9.10\repo\io\github\classgraph\classgraph\4.8.149\classgraph-4.8.149.jar;C:\Users\jym\Downloads\apache-maven-3.9.10\repo\org\mybatis\spring\boot\mybatis-spring-boot-starter\2.2.2\mybatis-spring-boot-starter-2.2.2.jar;C:\Users\jym\Downloads\apache-maven-3.9.10\repo\org\springframework\boot\spring-boot-starter-jdbc\2.6.13\spring-boot-starter-jdbc-2.6.13.jar;C:\Users\jym\Downloads\apache-maven-3.9.10\repo\com\zaxxer\HikariCP\4.0.3\HikariCP-4.0.3.jar;C:\Users\jym\Downloads\apache-maven-3.9.10\repo\org\springframework\spring-jdbc\5.3.23\spring-jdbc-5.3.23.jar;C:\Users\jym\Downloads\apache-maven-3.9.10\repo\org\springframework\spring-tx\5.3.23\spring-tx-5.3.23.jar;C:\Users\jym\Downloads\apache-maven-3.9.10\repo\org\mybatis\spring\boot\mybatis-spring-boot-autoconfigure\2.2.2\mybatis-spring-boot-autoconfigure-2.2.2.jar;C:\Users\jym\Downloads\apache-maven-3.9.10\repo\org\mybatis\mybatis\3.5.9\mybatis-3.5.9.jar;C:\Users\jym\Downloads\apache-maven-3.9.10\repo\org\mybatis\mybatis-spring\2.0.7\mybatis-spring-2.0.7.jar;C:\Users\jym\Downloads\apache-maven-3.9.10\repo\com\mysql\mysql-connector-j\8.0.31\mysql-connector-j-8.0.31.jar;C:\Users\jym\Downloads\apache-maven-3.9.10\repo\org\projectlombok\lombok\1.18.24\lombok-1.18.24.jar;C:\Users\jym\Downloads\apache-maven-3.9.10\repo\org\springframework\boot\spring-boot-starter-test\2.6.13\spring-boot-starter-test-2.6.13.jar;C:\Users\jym\Downloads\apache-maven-3.9.10\repo\org\springframework\boot\spring-boot-test\2.6.13\spring-boot-test-2.6.13.jar;C:\Users\jym\Downloads\apache-maven-3.9.10\repo\org\springframework\boot\spring-boot-test-autoconfigure\2.6.13\spring-boot-test-autoconfigure-2.6.13.jar;C:\Users\jym\Downloads\apache-maven-3.9.10\repo\com\jayway\jsonpath\json-path\2.6.0\json-path-2.6.0.jar;C:\Users\jym\Downloads\apache-maven-3.9.10\repo\net\minidev\json-smart\2.4.8\json-smart-2.4.8.jar;C:\Users\jym\Downloads\apache-maven-3.9.10\repo\net\minidev\accessors-smart\2.4.8\accessors-smart-2.4.8.jar;C:\Users\jym\Downloads\apache-maven-3.9.10\repo\org\ow2\asm\asm\9.1\asm-9.1.jar;C:\Users\jym\Downloads\apache-maven-3.9.10\repo\jakarta\xml\bind\jakarta.xml.bind-api\2.3.3\jakarta.xml.bind-api-2.3.3.jar;C:\Users\jym\Downloads\apache-maven-3.9.10\repo\jakarta\activation\jakarta.activation-api\1.2.2\jakarta.activation-api-1.2.2.jar;C:\Users\jym\Downloads\apache-maven-3.9.10\repo\org\assertj\assertj-core\3.21.0\assertj-core-3.21.0.jar;C:\Users\jym\Downloads\apache-maven-3.9.10\repo\org\hamcrest\hamcrest\2.2\hamcrest-2.2.jar;C:\Users\jym\Downloads\apache-maven-3.9.10\repo\org\junit\jupiter\junit-jupiter\5.8.2\junit-jupiter-5.8.2.jar;C:\Users\jym\Downloads\apache-maven-3.9.10\repo\org\junit\jupiter\junit-jupiter-api\5.8.2\junit-jupiter-api-5.8.2.jar;C:\Users\jym\Downloads\apache-maven-3.9.10\repo\org\opentest4j\opentest4j\1.2.0\opentest4j-1.2.0.jar;C:\Users\jym\Downloads\apache-maven-3.9.10\repo\org\junit\platform\junit-platform-commons\1.8.2\junit-platform-commons-1.8.2.jar;C:\Users\jym\Downloads\apache-maven-3.9.10\repo\org\apiguardian\apiguardian-api\1.1.2\apiguardian-api-1.1.2.jar;C:\Users\jym\Downloads\apache-maven-3.9.10\repo\org\junit\jupiter\junit-jupiter-params\5.8.2\junit-jupiter-params-5.8.2.jar;C:\Users\jym\Downloads\apache-maven-3.9.10\repo\org\junit\jupiter\junit-jupiter-engine\5.8.2\junit-jupiter-engine-5.8.2.jar;C:\Users\jym\Downloads\apache-maven-3.9.10\repo\org\junit\platform\junit-platform-engine\1.8.2\junit-platform-engine-1.8.2.jar;C:\Users\jym\Downloads\apache-maven-3.9.10\repo\org\mockito\mockito-core\4.0.0\mockito-core-4.0.0.jar;C:\Users\jym\Downloads\apache-maven-3.9.10\repo\net\bytebuddy\byte-buddy\1.11.22\byte-buddy-1.11.22.jar;C:\Users\jym\Downloads\apache-maven-3.9.10\repo\net\bytebuddy\byte-buddy-agent\1.11.22\byte-buddy-agent-1.11.22.jar;C:\Users\jym\Downloads\apache-maven-3.9.10\repo\org\objenesis\objenesis\3.2\objenesis-3.2.jar;C:\Users\jym\Downloads\apache-maven-3.9.10\repo\org\mockito\mockito-junit-jupiter\4.0.0\mockito-junit-jupiter-4.0.0.jar;C:\Users\jym\Downloads\apache-maven-3.9.10\repo\org\skyscreamer\jsonassert\1.5.1\jsonassert-1.5.1.jar;C:\Users\jym\Downloads\apache-maven-3.9.10\repo\com\vaadin\external\google\android-json\0.0.20131108.vaadin1\android-json-0.0.20131108.vaadin1.jar;C:\Users\jym\Downloads\apache-maven-3.9.10\repo\org\springframework\spring-core\5.3.23\spring-core-5.3.23.jar;C:\Users\jym\Downloads\apache-maven-3.9.10\repo\org\springframework\spring-jcl\5.3.23\spring-jcl-5.3.23.jar;C:\Users\jym\Downloads\apache-maven-3.9.10\repo\org\springframework\spring-test\5.3.23\spring-test-5.3.23.jar;C:\Users\jym\Downloads\apache-maven-3.9.10\repo\org\xmlunit\xmlunit-core\2.8.4\xmlunit-core-2.8.4.jar;"/>
    <property name="java.vm.vendor" value="Oracle Corporation"/>
    <property name="sun.arch.data.model" value="64"/>
    <property name="user.variant" value=""/>
    <property name="java.vendor.url" value="http://java.oracle.com/"/>
    <property name="user.timezone" value="Asia/Shanghai"/>
    <property name="java.vm.specification.version" value="1.8"/>
    <property name="os.name" value="Windows 10"/>
    <property name="user.country" value="CN"/>
    <property name="sun.java.launcher" value="SUN_STANDARD"/>
    <property name="sun.boot.library.path" value="C:\Program Files\Java\jdk1.8.0_202\jre\bin"/>
    <property name="sun.java.command" value="C:\Users\jym\AppData\Local\Temp\surefire5601276978935874854\surefirebooter-20250716095155795_3.jar C:\Users\jym\AppData\Local\Temp\surefire5601276978935874854 2025-07-16T09-51-55_608-jvmRun1 surefire-20250716095155795_1tmp surefire_0-20250716095155795_2tmp"/>
    <property name="surefire.test.class.path" value="C:\Users\jym\Documents\demo\target\test-classes;C:\Users\jym\Documents\demo\target\classes;C:\Users\jym\Downloads\apache-maven-3.9.10\repo\org\springframework\boot\spring-boot-starter-web\2.6.13\spring-boot-starter-web-2.6.13.jar;C:\Users\jym\Downloads\apache-maven-3.9.10\repo\org\springframework\boot\spring-boot-starter\2.6.13\spring-boot-starter-2.6.13.jar;C:\Users\jym\Downloads\apache-maven-3.9.10\repo\org\springframework\boot\spring-boot\2.6.13\spring-boot-2.6.13.jar;C:\Users\jym\Downloads\apache-maven-3.9.10\repo\org\springframework\boot\spring-boot-autoconfigure\2.6.13\spring-boot-autoconfigure-2.6.13.jar;C:\Users\jym\Downloads\apache-maven-3.9.10\repo\org\springframework\boot\spring-boot-starter-logging\2.6.13\spring-boot-starter-logging-2.6.13.jar;C:\Users\jym\Downloads\apache-maven-3.9.10\repo\ch\qos\logback\logback-classic\1.2.11\logback-classic-1.2.11.jar;C:\Users\jym\Downloads\apache-maven-3.9.10\repo\ch\qos\logback\logback-core\1.2.11\logback-core-1.2.11.jar;C:\Users\jym\Downloads\apache-maven-3.9.10\repo\org\apache\logging\log4j\log4j-to-slf4j\2.17.2\log4j-to-slf4j-2.17.2.jar;C:\Users\jym\Downloads\apache-maven-3.9.10\repo\org\apache\logging\log4j\log4j-api\2.17.2\log4j-api-2.17.2.jar;C:\Users\jym\Downloads\apache-maven-3.9.10\repo\org\slf4j\jul-to-slf4j\1.7.36\jul-to-slf4j-1.7.36.jar;C:\Users\jym\Downloads\apache-maven-3.9.10\repo\jakarta\annotation\jakarta.annotation-api\1.3.5\jakarta.annotation-api-1.3.5.jar;C:\Users\jym\Downloads\apache-maven-3.9.10\repo\org\yaml\snakeyaml\1.29\snakeyaml-1.29.jar;C:\Users\jym\Downloads\apache-maven-3.9.10\repo\org\springframework\boot\spring-boot-starter-json\2.6.13\spring-boot-starter-json-2.6.13.jar;C:\Users\jym\Downloads\apache-maven-3.9.10\repo\com\fasterxml\jackson\core\jackson-databind\2.13.4.2\jackson-databind-2.13.4.2.jar;C:\Users\jym\Downloads\apache-maven-3.9.10\repo\com\fasterxml\jackson\core\jackson-annotations\2.13.4\jackson-annotations-2.13.4.jar;C:\Users\jym\Downloads\apache-maven-3.9.10\repo\com\fasterxml\jackson\datatype\jackson-datatype-jdk8\2.13.4\jackson-datatype-jdk8-2.13.4.jar;C:\Users\jym\Downloads\apache-maven-3.9.10\repo\com\fasterxml\jackson\datatype\jackson-datatype-jsr310\2.13.4\jackson-datatype-jsr310-2.13.4.jar;C:\Users\jym\Downloads\apache-maven-3.9.10\repo\com\fasterxml\jackson\module\jackson-module-parameter-names\2.13.4\jackson-module-parameter-names-2.13.4.jar;C:\Users\jym\Downloads\apache-maven-3.9.10\repo\org\springframework\boot\spring-boot-starter-tomcat\2.6.13\spring-boot-starter-tomcat-2.6.13.jar;C:\Users\jym\Downloads\apache-maven-3.9.10\repo\org\apache\tomcat\embed\tomcat-embed-core\9.0.68\tomcat-embed-core-9.0.68.jar;C:\Users\jym\Downloads\apache-maven-3.9.10\repo\org\apache\tomcat\embed\tomcat-embed-el\9.0.68\tomcat-embed-el-9.0.68.jar;C:\Users\jym\Downloads\apache-maven-3.9.10\repo\org\apache\tomcat\embed\tomcat-embed-websocket\9.0.68\tomcat-embed-websocket-9.0.68.jar;C:\Users\jym\Downloads\apache-maven-3.9.10\repo\org\springframework\spring-web\5.3.23\spring-web-5.3.23.jar;C:\Users\jym\Downloads\apache-maven-3.9.10\repo\org\springframework\spring-beans\5.3.23\spring-beans-5.3.23.jar;C:\Users\jym\Downloads\apache-maven-3.9.10\repo\org\springframework\spring-webmvc\5.3.23\spring-webmvc-5.3.23.jar;C:\Users\jym\Downloads\apache-maven-3.9.10\repo\org\springframework\spring-aop\5.3.23\spring-aop-5.3.23.jar;C:\Users\jym\Downloads\apache-maven-3.9.10\repo\org\springframework\spring-context\5.3.23\spring-context-5.3.23.jar;C:\Users\jym\Downloads\apache-maven-3.9.10\repo\org\springframework\spring-expression\5.3.23\spring-expression-5.3.23.jar;C:\Users\jym\Downloads\apache-maven-3.9.10\repo\org\springdoc\springdoc-openapi-ui\1.6.14\springdoc-openapi-ui-1.6.14.jar;C:\Users\jym\Downloads\apache-maven-3.9.10\repo\org\springdoc\springdoc-openapi-webmvc-core\1.6.14\springdoc-openapi-webmvc-core-1.6.14.jar;C:\Users\jym\Downloads\apache-maven-3.9.10\repo\org\springdoc\springdoc-openapi-common\1.6.14\springdoc-openapi-common-1.6.14.jar;C:\Users\jym\Downloads\apache-maven-3.9.10\repo\io\swagger\core\v3\swagger-core\2.2.7\swagger-core-2.2.7.jar;C:\Users\jym\Downloads\apache-maven-3.9.10\repo\org\apache\commons\commons-lang3\3.12.0\commons-lang3-3.12.0.jar;C:\Users\jym\Downloads\apache-maven-3.9.10\repo\com\fasterxml\jackson\dataformat\jackson-dataformat-yaml\2.13.4\jackson-dataformat-yaml-2.13.4.jar;C:\Users\jym\Downloads\apache-maven-3.9.10\repo\io\swagger\core\v3\swagger-annotations\2.2.7\swagger-annotations-2.2.7.jar;C:\Users\jym\Downloads\apache-maven-3.9.10\repo\io\swagger\core\v3\swagger-models\2.2.7\swagger-models-2.2.7.jar;C:\Users\jym\Downloads\apache-maven-3.9.10\repo\jakarta\validation\jakarta.validation-api\2.0.2\jakarta.validation-api-2.0.2.jar;C:\Users\jym\Downloads\apache-maven-3.9.10\repo\org\webjars\swagger-ui\4.15.5\swagger-ui-4.15.5.jar;C:\Users\jym\Downloads\apache-maven-3.9.10\repo\org\webjars\webjars-locator-core\0.48\webjars-locator-core-0.48.jar;C:\Users\jym\Downloads\apache-maven-3.9.10\repo\org\slf4j\slf4j-api\1.7.36\slf4j-api-1.7.36.jar;C:\Users\jym\Downloads\apache-maven-3.9.10\repo\com\fasterxml\jackson\core\jackson-core\2.13.4\jackson-core-2.13.4.jar;C:\Users\jym\Downloads\apache-maven-3.9.10\repo\io\github\classgraph\classgraph\4.8.149\classgraph-4.8.149.jar;C:\Users\jym\Downloads\apache-maven-3.9.10\repo\org\mybatis\spring\boot\mybatis-spring-boot-starter\2.2.2\mybatis-spring-boot-starter-2.2.2.jar;C:\Users\jym\Downloads\apache-maven-3.9.10\repo\org\springframework\boot\spring-boot-starter-jdbc\2.6.13\spring-boot-starter-jdbc-2.6.13.jar;C:\Users\jym\Downloads\apache-maven-3.9.10\repo\com\zaxxer\HikariCP\4.0.3\HikariCP-4.0.3.jar;C:\Users\jym\Downloads\apache-maven-3.9.10\repo\org\springframework\spring-jdbc\5.3.23\spring-jdbc-5.3.23.jar;C:\Users\jym\Downloads\apache-maven-3.9.10\repo\org\springframework\spring-tx\5.3.23\spring-tx-5.3.23.jar;C:\Users\jym\Downloads\apache-maven-3.9.10\repo\org\mybatis\spring\boot\mybatis-spring-boot-autoconfigure\2.2.2\mybatis-spring-boot-autoconfigure-2.2.2.jar;C:\Users\jym\Downloads\apache-maven-3.9.10\repo\org\mybatis\mybatis\3.5.9\mybatis-3.5.9.jar;C:\Users\jym\Downloads\apache-maven-3.9.10\repo\org\mybatis\mybatis-spring\2.0.7\mybatis-spring-2.0.7.jar;C:\Users\jym\Downloads\apache-maven-3.9.10\repo\com\mysql\mysql-connector-j\8.0.31\mysql-connector-j-8.0.31.jar;C:\Users\jym\Downloads\apache-maven-3.9.10\repo\org\projectlombok\lombok\1.18.24\lombok-1.18.24.jar;C:\Users\jym\Downloads\apache-maven-3.9.10\repo\org\springframework\boot\spring-boot-starter-test\2.6.13\spring-boot-starter-test-2.6.13.jar;C:\Users\jym\Downloads\apache-maven-3.9.10\repo\org\springframework\boot\spring-boot-test\2.6.13\spring-boot-test-2.6.13.jar;C:\Users\jym\Downloads\apache-maven-3.9.10\repo\org\springframework\boot\spring-boot-test-autoconfigure\2.6.13\spring-boot-test-autoconfigure-2.6.13.jar;C:\Users\jym\Downloads\apache-maven-3.9.10\repo\com\jayway\jsonpath\json-path\2.6.0\json-path-2.6.0.jar;C:\Users\jym\Downloads\apache-maven-3.9.10\repo\net\minidev\json-smart\2.4.8\json-smart-2.4.8.jar;C:\Users\jym\Downloads\apache-maven-3.9.10\repo\net\minidev\accessors-smart\2.4.8\accessors-smart-2.4.8.jar;C:\Users\jym\Downloads\apache-maven-3.9.10\repo\org\ow2\asm\asm\9.1\asm-9.1.jar;C:\Users\jym\Downloads\apache-maven-3.9.10\repo\jakarta\xml\bind\jakarta.xml.bind-api\2.3.3\jakarta.xml.bind-api-2.3.3.jar;C:\Users\jym\Downloads\apache-maven-3.9.10\repo\jakarta\activation\jakarta.activation-api\1.2.2\jakarta.activation-api-1.2.2.jar;C:\Users\jym\Downloads\apache-maven-3.9.10\repo\org\assertj\assertj-core\3.21.0\assertj-core-3.21.0.jar;C:\Users\jym\Downloads\apache-maven-3.9.10\repo\org\hamcrest\hamcrest\2.2\hamcrest-2.2.jar;C:\Users\jym\Downloads\apache-maven-3.9.10\repo\org\junit\jupiter\junit-jupiter\5.8.2\junit-jupiter-5.8.2.jar;C:\Users\jym\Downloads\apache-maven-3.9.10\repo\org\junit\jupiter\junit-jupiter-api\5.8.2\junit-jupiter-api-5.8.2.jar;C:\Users\jym\Downloads\apache-maven-3.9.10\repo\org\opentest4j\opentest4j\1.2.0\opentest4j-1.2.0.jar;C:\Users\jym\Downloads\apache-maven-3.9.10\repo\org\junit\platform\junit-platform-commons\1.8.2\junit-platform-commons-1.8.2.jar;C:\Users\jym\Downloads\apache-maven-3.9.10\repo\org\apiguardian\apiguardian-api\1.1.2\apiguardian-api-1.1.2.jar;C:\Users\jym\Downloads\apache-maven-3.9.10\repo\org\junit\jupiter\junit-jupiter-params\5.8.2\junit-jupiter-params-5.8.2.jar;C:\Users\jym\Downloads\apache-maven-3.9.10\repo\org\junit\jupiter\junit-jupiter-engine\5.8.2\junit-jupiter-engine-5.8.2.jar;C:\Users\jym\Downloads\apache-maven-3.9.10\repo\org\junit\platform\junit-platform-engine\1.8.2\junit-platform-engine-1.8.2.jar;C:\Users\jym\Downloads\apache-maven-3.9.10\repo\org\mockito\mockito-core\4.0.0\mockito-core-4.0.0.jar;C:\Users\jym\Downloads\apache-maven-3.9.10\repo\net\bytebuddy\byte-buddy\1.11.22\byte-buddy-1.11.22.jar;C:\Users\jym\Downloads\apache-maven-3.9.10\repo\net\bytebuddy\byte-buddy-agent\1.11.22\byte-buddy-agent-1.11.22.jar;C:\Users\jym\Downloads\apache-maven-3.9.10\repo\org\objenesis\objenesis\3.2\objenesis-3.2.jar;C:\Users\jym\Downloads\apache-maven-3.9.10\repo\org\mockito\mockito-junit-jupiter\4.0.0\mockito-junit-jupiter-4.0.0.jar;C:\Users\jym\Downloads\apache-maven-3.9.10\repo\org\skyscreamer\jsonassert\1.5.1\jsonassert-1.5.1.jar;C:\Users\jym\Downloads\apache-maven-3.9.10\repo\com\vaadin\external\google\android-json\0.0.20131108.vaadin1\android-json-0.0.20131108.vaadin1.jar;C:\Users\jym\Downloads\apache-maven-3.9.10\repo\org\springframework\spring-core\5.3.23\spring-core-5.3.23.jar;C:\Users\jym\Downloads\apache-maven-3.9.10\repo\org\springframework\spring-jcl\5.3.23\spring-jcl-5.3.23.jar;C:\Users\jym\Downloads\apache-maven-3.9.10\repo\org\springframework\spring-test\5.3.23\spring-test-5.3.23.jar;C:\Users\jym\Downloads\apache-maven-3.9.10\repo\org\xmlunit\xmlunit-core\2.8.4\xmlunit-core-2.8.4.jar;"/>
    <property name="sun.cpu.endian" value="little"/>
    <property name="user.home" value="C:\Users\jym"/>
    <property name="user.language" value="zh"/>
    <property name="java.specification.vendor" value="Oracle Corporation"/>
    <property name="java.home" value="C:\Program Files\Java\jdk1.8.0_202\jre"/>
    <property name="basedir" value="C:\Users\jym\Documents\demo"/>
    <property name="file.separator" value="\"/>
    <property name="line.separator" value="&#10;"/>
    <property name="java.vm.specification.vendor" value="Oracle Corporation"/>
    <property name="java.specification.name" value="Java Platform API Specification"/>
    <property name="FILE_LOG_CHARSET" value="GBK"/>
    <property name="java.awt.graphicsenv" value="sun.awt.Win32GraphicsEnvironment"/>
    <property name="java.awt.headless" value="true"/>
    <property name="surefire.real.class.path" value="C:\Users\jym\AppData\Local\Temp\surefire5601276978935874854\surefirebooter-20250716095155795_3.jar"/>
    <property name="sun.boot.class.path" value="C:\Program Files\Java\jdk1.8.0_202\jre\lib\resources.jar;C:\Program Files\Java\jdk1.8.0_202\jre\lib\rt.jar;C:\Program Files\Java\jdk1.8.0_202\jre\lib\sunrsasign.jar;C:\Program Files\Java\jdk1.8.0_202\jre\lib\jsse.jar;C:\Program Files\Java\jdk1.8.0_202\jre\lib\jce.jar;C:\Program Files\Java\jdk1.8.0_202\jre\lib\charsets.jar;C:\Program Files\Java\jdk1.8.0_202\jre\lib\jfr.jar;C:\Program Files\Java\jdk1.8.0_202\jre\classes"/>
    <property name="user.script" value=""/>
    <property name="sun.management.compiler" value="HotSpot 64-Bit Tiered Compilers"/>
    <property name="java.runtime.version" value="1.8.0_202-b08"/>
    <property name="user.name" value="jym"/>
    <property name="path.separator" value=";"/>
    <property name="os.version" value="10.0"/>
    <property name="java.endorsed.dirs" value="C:\Program Files\Java\jdk1.8.0_202\jre\lib\endorsed"/>
    <property name="java.runtime.name" value="Java(TM) SE Runtime Environment"/>
    <property name="file.encoding" value="GBK"/>
    <property name="spring.beaninfo.ignore" value="true"/>
    <property name="java.vm.name" value="Java HotSpot(TM) 64-Bit Server VM"/>
    <property name="localRepository" value="C:\Users\jym\Downloads\apache-maven-3.9.10\repo"/>
    <property name="java.vendor.url.bug" value="http://bugreport.sun.com/bugreport/"/>
    <property name="java.io.tmpdir" value="C:\Users\jym\AppData\Local\Temp\"/>
    <property name="idea.version" value="2025.1.3"/>
    <property name="java.version" value="1.8.0_202"/>
    <property name="user.dir" value="C:\Users\jym\Documents\demo"/>
    <property name="os.arch" value="amd64"/>
    <property name="java.vm.specification.name" value="Java Virtual Machine Specification"/>
    <property name="PID" value="8640"/>
    <property name="java.awt.printerjob" value="sun.awt.windows.WPrinterJob"/>
    <property name="sun.os.patch.level" value=""/>
    <property name="CONSOLE_LOG_CHARSET" value="GBK"/>
    <property name="java.library.path" value="C:\Program Files\Java\jdk1.8.0_202\jre\bin;C:\WINDOWS\Sun\Java\bin;C:\WINDOWS\system32;C:\WINDOWS;;C:\Program Files\Java\jdk1.8.0_202\bin;C:\Program Files\Java\jdk1.8.0_202\jre\bin;C:\Program Files\MySQL\MySQL Shell 8.0\bin\;C:\Users\jym\AppData\Local\Microsoft\WindowsApps;#JAVA_HOME%\bin;C:\Program Files\Java\jdk1.8.0_202\jre\bin;C:\Program Files\MySQL\MySQL Server 8.0\bin;;."/>
    <property name="java.vm.info" value="mixed mode"/>
    <property name="java.vendor" value="Oracle Corporation"/>
    <property name="java.vm.version" value="25.202-b08"/>
    <property name="java.ext.dirs" value="C:\Program Files\Java\jdk1.8.0_202\jre\lib\ext;C:\WINDOWS\Sun\Java\lib\ext"/>
    <property name="sun.io.unicode.encoding" value="UnicodeLittle"/>
    <property name="maven.repo.local" value="C:\Users\jym\Downloads\apache-maven-3.9.10\repo"/>
    <property name="java.class.version" value="52.0"/>
  </properties>
  <testcase name="contextLoads" classname="com.dianxing.DemoApplicationTests" time="0.205">
    <system-out><![CDATA[09:51:56.529 [main] DEBUG org.springframework.test.context.BootstrapUtils - Instantiating CacheAwareContextLoaderDelegate from class [org.springframework.test.context.cache.DefaultCacheAwareContextLoaderDelegate]
09:51:56.545 [main] DEBUG org.springframework.test.context.BootstrapUtils - Instantiating BootstrapContext using constructor [public org.springframework.test.context.support.DefaultBootstrapContext(java.lang.Class,org.springframework.test.context.CacheAwareContextLoaderDelegate)]
09:51:56.576 [main] DEBUG org.springframework.test.context.BootstrapUtils - Instantiating TestContextBootstrapper for test class [com.dianxing.DemoApplicationTests] from class [org.springframework.boot.test.context.SpringBootTestContextBootstrapper]
09:51:56.592 [main] INFO org.springframework.boot.test.context.SpringBootTestContextBootstrapper - Neither @ContextConfiguration nor @ContextHierarchy found for test class [com.dianxing.DemoApplicationTests], using SpringBootContextLoader
09:51:56.592 [main] DEBUG org.springframework.test.context.support.AbstractContextLoader - Did not detect default resource location for test class [com.dianxing.DemoApplicationTests]: class path resource [com/dianxing/DemoApplicationTests-context.xml] does not exist
09:51:56.592 [main] DEBUG org.springframework.test.context.support.AbstractContextLoader - Did not detect default resource location for test class [com.dianxing.DemoApplicationTests]: class path resource [com/dianxing/DemoApplicationTestsContext.groovy] does not exist
09:51:56.592 [main] INFO org.springframework.test.context.support.AbstractContextLoader - Could not detect default resource locations for test class [com.dianxing.DemoApplicationTests]: no resource found for suffixes {-context.xml, Context.groovy}.
09:51:56.592 [main] INFO org.springframework.test.context.support.AnnotationConfigContextLoaderUtils - Could not detect default configuration classes for test class [com.dianxing.DemoApplicationTests]: DemoApplicationTests does not declare any static, non-private, non-final, nested classes annotated with @Configuration.
09:51:56.639 [main] DEBUG org.springframework.test.context.support.ActiveProfilesUtils - Could not find an 'annotation declaring class' for annotation type [org.springframework.test.context.ActiveProfiles] and class [com.dianxing.DemoApplicationTests]
09:51:56.717 [main] DEBUG org.springframework.context.annotation.ClassPathScanningCandidateComponentProvider - Identified candidate component class: file [C:\Users\jym\Documents\demo\target\classes\com\dianxing\DemoApplication.class]
09:51:56.717 [main] INFO org.springframework.boot.test.context.SpringBootTestContextBootstrapper - Found @SpringBootConfiguration com.dianxing.DemoApplication for test class com.dianxing.DemoApplicationTests
09:51:56.810 [main] DEBUG org.springframework.boot.test.context.SpringBootTestContextBootstrapper - @TestExecutionListeners is not present for class [com.dianxing.DemoApplicationTests]: using defaults.
09:51:56.810 [main] INFO org.springframework.boot.test.context.SpringBootTestContextBootstrapper - Loaded default TestExecutionListener class names from location [META-INF/spring.factories]: [org.springframework.boot.test.mock.mockito.MockitoTestExecutionListener, org.springframework.boot.test.mock.mockito.ResetMocksTestExecutionListener, org.springframework.boot.test.autoconfigure.restdocs.RestDocsTestExecutionListener, org.springframework.boot.test.autoconfigure.web.client.MockRestServiceServerResetTestExecutionListener, org.springframework.boot.test.autoconfigure.web.servlet.MockMvcPrintOnlyOnFailureTestExecutionListener, org.springframework.boot.test.autoconfigure.web.servlet.WebDriverTestExecutionListener, org.springframework.boot.test.autoconfigure.webservices.client.MockWebServiceServerTestExecutionListener, org.springframework.test.context.web.ServletTestExecutionListener, org.springframework.test.context.support.DirtiesContextBeforeModesTestExecutionListener, org.springframework.test.context.event.ApplicationEventsTestExecutionListener, org.springframework.test.context.support.DependencyInjectionTestExecutionListener, org.springframework.test.context.support.DirtiesContextTestExecutionListener, org.springframework.test.context.transaction.TransactionalTestExecutionListener, org.springframework.test.context.jdbc.SqlScriptsTestExecutionListener, org.springframework.test.context.event.EventPublishingTestExecutionListener]
09:51:56.835 [main] INFO org.springframework.boot.test.context.SpringBootTestContextBootstrapper - Using TestExecutionListeners: [org.springframework.test.context.web.ServletTestExecutionListener@7fb4f2a9, org.springframework.test.context.support.DirtiesContextBeforeModesTestExecutionListener@4dc27487, org.springframework.test.context.event.ApplicationEventsTestExecutionListener@6a4f1a55, org.springframework.boot.test.mock.mockito.MockitoTestExecutionListener@7dfd3c81, org.springframework.boot.test.autoconfigure.SpringBootDependencyInjectionTestExecutionListener@2584b82d, org.springframework.test.context.support.DirtiesContextTestExecutionListener@7bbc8656, org.springframework.test.context.transaction.TransactionalTestExecutionListener@6933b6c6, org.springframework.test.context.jdbc.SqlScriptsTestExecutionListener@7d3e8655, org.springframework.test.context.event.EventPublishingTestExecutionListener@7dfb0c0f, org.springframework.boot.test.mock.mockito.ResetMocksTestExecutionListener@626abbd0, org.springframework.boot.test.autoconfigure.restdocs.RestDocsTestExecutionListener@169bb4dd, org.springframework.boot.test.autoconfigure.web.client.MockRestServiceServerResetTestExecutionListener@1f9e9475, org.springframework.boot.test.autoconfigure.web.servlet.MockMvcPrintOnlyOnFailureTestExecutionListener@3aa078fd, org.springframework.boot.test.autoconfigure.web.servlet.WebDriverTestExecutionListener@d23e042, org.springframework.boot.test.autoconfigure.webservices.client.MockWebServiceServerTestExecutionListener@46d59067]
09:51:56.838 [main] DEBUG org.springframework.test.context.support.AbstractDirtiesContextTestExecutionListener - Before test class: context [DefaultTestContext@7dc19a70 testClass = DemoApplicationTests, testInstance = [null], testMethod = [null], testException = [null], mergedContextConfiguration = [WebMergedContextConfiguration@508dec2b testClass = DemoApplicationTests, locations = '{}', classes = '{class com.dianxing.DemoApplication}', contextInitializerClasses = '[]', activeProfiles = '{}', propertySourceLocations = '{}', propertySourceProperties = '{org.springframework.boot.test.context.SpringBootTestContextBootstrapper=true}', contextCustomizers = set[org.springframework.boot.test.context.filter.ExcludeFilterContextCustomizer@327514f, org.springframework.boot.test.json.DuplicateJsonObjectContextCustomizerFactory$DuplicateJsonObjectContextCustomizer@4c12331b, org.springframework.boot.test.mock.mockito.MockitoContextCustomizer@0, org.springframework.boot.test.web.client.TestRestTemplateContextCustomizer@5bda8e08, org.springframework.boot.test.autoconfigure.actuate.metrics.MetricsExportContextCustomizerFactory$DisableMetricExportContextCustomizer@3cd3e762, org.springframework.boot.test.autoconfigure.properties.PropertyMappingContextCustomizer@0, org.springframework.boot.test.autoconfigure.web.servlet.WebDriverContextCustomizerFactory$Customizer@1ce24091, org.springframework.boot.test.context.SpringBootTestArgs@1, org.springframework.boot.test.context.SpringBootTestWebEnvironment@57536d79], resourceBasePath = 'src/main/webapp', contextLoader = 'org.springframework.boot.test.context.SpringBootContextLoader', parent = [null]], attributes = map['org.springframework.test.context.web.ServletTestExecutionListener.activateListener' -> true]], class annotated with @DirtiesContext [false] with mode [null].

  .   ____          _            __ _ _
 /\\ / ___'_ __ _ _(_)_ __  __ _ \ \ \ \
( ( )\___ | '_ | '_| | '_ \/ _` | \ \ \ \
 \\/  ___)| |_)| | | | | || (_| |  ) ) ) )
  '  |____| .__|_| |_|_| |_\__, | / / / /
 =========|_|==============|___/=/_/_/_/
 :: Spring Boot ::               (v2.6.13)

2025-07-16 09:51:57.076  INFO 8640 --- [           main] com.dianxing.DemoApplicationTests        : Starting DemoApplicationTests using Java 1.8.0_202 on DESKTOP-4T5FINP with PID 8640 (started by jym in C:\Users\jym\Documents\demo)
2025-07-16 09:51:57.076  INFO 8640 --- [           main] com.dianxing.DemoApplicationTests        : No active profile set, falling back to 1 default profile: "default"
Logging initialized using 'class org.apache.ibatis.logging.stdout.StdOutImpl' adapter.
Property 'mapperLocations' was not specified.
2025-07-16 09:51:58.794  INFO 8640 --- [           main] o.s.b.a.w.s.WelcomePageHandlerMapping    : Adding welcome page: class path resource [static/index.html]
2025-07-16 09:51:59.763  INFO 8640 --- [           main] com.dianxing.DemoApplicationTests        : Started DemoApplicationTests in 2.903 seconds (JVM running for 3.779)
]]></system-out>
  </testcase>
</testsuite>